[0.020s] Invoking command in '/home/hguo/carla-autoware-universe/autoware/src/vehicle/external/beliv_vehicle_interface/build/beliv_vehicle_interface': CMAKE_PREFIX_PATH=${CMAKE_PREFIX_PATH}:/home/hguo/carla-autoware-universe/autoware/install/simulator_compatibility_test:/home/hguo/carla-autoware-universe/autoware/install/ad_api_visualizers:/opt/ros/humble /usr/bin/cmake /home/hguo/carla-autoware-universe/autoware/src/vehicle/external/beliv_vehicle_interface -DCMAKE_INSTALL_PREFIX=/home/hguo/carla-autoware-universe/autoware/src/vehicle/external/beliv_vehicle_interface/install/beliv_vehicle_interface
[0.086s] -- The C compiler identification is GNU 11.4.0
[0.128s] -- The CXX compiler identification is GNU 11.4.0
[0.135s] -- Detecting C compiler ABI info
[0.219s] -- Detecting C compiler ABI info - done
[0.223s] -- Check for working C compiler: /usr/bin/cc - skipped
[0.223s] -- Detecting C compile features
[0.223s] -- Detecting C compile features - done
[0.225s] -- Detecting CXX compiler ABI info
[0.316s] -- Detecting CXX compiler ABI info - done
[0.319s] -- Check for working CXX compiler: /usr/bin/c++ - skipped
[0.319s] -- Detecting CXX compile features
[0.320s] -- Detecting CXX compile features - done
[0.332s] -- Found ament_cmake_auto: 1.3.5 (/opt/ros/humble/share/ament_cmake_auto/cmake)
[0.534s] -- Found Python3: /usr/bin/python3.10 (found version "3.10.12") found components: Interpreter 
[0.928s] -- Found rosidl_generator_c: 3.1.5 (/opt/ros/humble/share/rosidl_generator_c/cmake)
[0.951s] -- Found rosidl_adapter: 3.1.5 (/opt/ros/humble/share/rosidl_adapter/cmake)
[0.975s] -- Found rosidl_generator_cpp: 3.1.5 (/opt/ros/humble/share/rosidl_generator_cpp/cmake)
[1.017s] -- Using all available rosidl_typesupport_c: rosidl_typesupport_fastrtps_c;rosidl_typesupport_introspection_c
[1.071s] -- Using all available rosidl_typesupport_cpp: rosidl_typesupport_fastrtps_cpp;rosidl_typesupport_introspection_cpp
[1.224s] -- Found rmw_implementation_cmake: 6.1.1 (/opt/ros/humble/share/rmw_implementation_cmake/cmake)
[1.250s] -- Found rmw_cyclonedds_cpp: 1.3.4 (/opt/ros/humble/share/rmw_cyclonedds_cpp/cmake)
[1.343s] -- Using RMW implementation 'rmw_cyclonedds_cpp' as default
[1.379s] -- Looking for pthread.h
[1.468s] -- Looking for pthread.h - found
[1.469s] -- Performing Test CMAKE_HAVE_LIBC_PTHREAD
[1.559s] -- Performing Test CMAKE_HAVE_LIBC_PTHREAD - Success
[1.559s] -- Found Threads: TRUE  
[3.686s] -- Found eigen3_cmake_module: 0.1.1 (/opt/ros/humble/share/eigen3_cmake_module/cmake)
[3.686s] -- Found Eigen3: TRUE (found version "3.4.0") 
[3.686s] -- Ensuring Eigen3 include directory is part of orocos-kdl CMake target
[3.955s] -- Checking for module 'eigen3'
[3.981s] --   Found eigen3, version 3.4.0
[4.033s] -- Found Eigen: /usr/include/eigen3 (Required is at least version "3.1") 
[4.034s] -- Eigen found (include: /usr/include/eigen3, version: 3.4.0)
[4.136s] -- Checking for module 'flann'
[4.163s] --   Found flann, version 1.9.1
[4.227s] -- Found FLANN: /usr/lib/x86_64-linux-gnu/libflann_cpp.so  
[4.227s] -- FLANN found (include: /usr/include, lib: /usr/lib/x86_64-linux-gnu/libflann_cpp.so)
[5.424s] -- Checking for module 'libusb-1.0'
[5.451s] --   Found libusb-1.0, version 1.0.25
[5.506s] -- Found libusb: /usr/lib/x86_64-linux-gnu/libusb-1.0.so  
[5.506s] -- OpenNI found (version: 1.5.4.0, include: /usr/include/ni, lib: /usr/lib/libOpenNI.so;libusb::libusb)
[5.597s] -- OpenNI2 found (version: 2.2.0.33, include: /usr/include/openni2, lib: /usr/lib/x86_64-linux-gnu/libOpenNI2.so;libusb::libusb)
[5.754s] -- Eigen found (include: /usr/include/eigen3, version: 3.4.0)
[5.760s] -- OpenNI found (version: 1.5.4.0, include: /usr/include/ni, lib: /usr/lib/libOpenNI.so;libusb::libusb)
[5.766s] -- OpenNI2 found (version: 2.2.0.33, include: /usr/include/openni2, lib: /usr/lib/x86_64-linux-gnu/libOpenNI2.so;libusb::libusb)
[5.926s] -- Found Qhull version 8.0.2
[6.081s] -- OpenNI found (version: 1.5.4.0, include: /usr/include/ni, lib: /usr/lib/libOpenNI.so;libusb::libusb)
[6.230s] -- Found PCL_COMMON: /usr/lib/x86_64-linux-gnu/libpcl_common.so  
[6.231s] -- Found PCL_KDTREE: /usr/lib/x86_64-linux-gnu/libpcl_kdtree.so  
[6.231s] -- Found PCL_OCTREE: /usr/lib/x86_64-linux-gnu/libpcl_octree.so  
[6.232s] -- Found PCL_SEARCH: /usr/lib/x86_64-linux-gnu/libpcl_search.so  
[6.232s] -- Found PCL_SAMPLE_CONSENSUS: /usr/lib/x86_64-linux-gnu/libpcl_sample_consensus.so  
[6.233s] -- Found PCL_FILTERS: /usr/lib/x86_64-linux-gnu/libpcl_filters.so  
[6.233s] -- Found PCL_2D: /usr/include/pcl-1.12  
[6.233s] -- Found PCL_GEOMETRY: /usr/include/pcl-1.12  
[6.234s] -- Found PCL_IO: /usr/lib/x86_64-linux-gnu/libpcl_io.so  
[6.234s] -- Found PCL_FEATURES: /usr/lib/x86_64-linux-gnu/libpcl_features.so  
[6.235s] -- Found PCL_ML: /usr/lib/x86_64-linux-gnu/libpcl_ml.so  
[6.235s] -- Found PCL_SEGMENTATION: /usr/lib/x86_64-linux-gnu/libpcl_segmentation.so  
[6.236s] -- Found PCL_VISUALIZATION: /usr/lib/x86_64-linux-gnu/libpcl_visualization.so  
[6.236s] -- Found PCL_SURFACE: /usr/lib/x86_64-linux-gnu/libpcl_surface.so  
[6.237s] -- Found PCL_REGISTRATION: /usr/lib/x86_64-linux-gnu/libpcl_registration.so  
[6.237s] -- Found PCL_KEYPOINTS: /usr/lib/x86_64-linux-gnu/libpcl_keypoints.so  
[6.238s] -- Found PCL_TRACKING: /usr/lib/x86_64-linux-gnu/libpcl_tracking.so  
[6.238s] -- Found PCL_RECOGNITION: /usr/lib/x86_64-linux-gnu/libpcl_recognition.so  
[6.239s] -- Found PCL_STEREO: /usr/lib/x86_64-linux-gnu/libpcl_stereo.so  
[6.239s] -- Found PCL_APPS: /usr/lib/x86_64-linux-gnu/libpcl_apps.so  
[6.240s] -- Found PCL_IN_HAND_SCANNER: /usr/include/pcl-1.12  
[6.240s] -- Found PCL_MODELER: /usr/include/pcl-1.12  
[6.240s] -- Found PCL_POINT_CLOUD_EDITOR: /usr/include/pcl-1.12  
[6.240s] -- Found PCL_OUTOFCORE: /usr/lib/x86_64-linux-gnu/libpcl_outofcore.so  
[6.241s] -- Found PCL_PEOPLE: /usr/lib/x86_64-linux-gnu/libpcl_people.so  
[7.918s] -- Found ament_lint_auto: 0.12.7 (/opt/ros/humble/share/ament_lint_auto/cmake)
[7.975s] -- Added test 'copyright' to check source files copyright and LICENSE
[7.980s] -- Added test 'cppcheck' to perform static code analysis on C / C++ code
[7.980s] -- Configured cppcheck include dirs: /home/hguo/carla-autoware-universe/autoware/src/vehicle/external/beliv_vehicle_interface/include
[7.980s] -- Configured cppcheck exclude dirs and/or files: 
[7.983s] -- Added test 'lint_cmake' to check CMake code style
[7.986s] -- Added test 'xmllint' to check XML markup files
[7.991s] -- Configuring done
[8.031s] -- Generating done
[8.033s] -- Build files have been written to: /home/hguo/carla-autoware-universe/autoware/src/vehicle/external/beliv_vehicle_interface/build/beliv_vehicle_interface
[8.046s] Invoked command in '/home/hguo/carla-autoware-universe/autoware/src/vehicle/external/beliv_vehicle_interface/build/beliv_vehicle_interface' returned '0': CMAKE_PREFIX_PATH=${CMAKE_PREFIX_PATH}:/home/hguo/carla-autoware-universe/autoware/install/simulator_compatibility_test:/home/hguo/carla-autoware-universe/autoware/install/ad_api_visualizers:/opt/ros/humble /usr/bin/cmake /home/hguo/carla-autoware-universe/autoware/src/vehicle/external/beliv_vehicle_interface -DCMAKE_INSTALL_PREFIX=/home/hguo/carla-autoware-universe/autoware/src/vehicle/external/beliv_vehicle_interface/install/beliv_vehicle_interface
[8.046s] Invoking command in '/home/hguo/carla-autoware-universe/autoware/src/vehicle/external/beliv_vehicle_interface/build/beliv_vehicle_interface': CMAKE_PREFIX_PATH=${CMAKE_PREFIX_PATH}:/home/hguo/carla-autoware-universe/autoware/install/simulator_compatibility_test:/home/hguo/carla-autoware-universe/autoware/install/ad_api_visualizers:/opt/ros/humble /usr/bin/cmake --build /home/hguo/carla-autoware-universe/autoware/src/vehicle/external/beliv_vehicle_interface/build/beliv_vehicle_interface -- -j20 -l20
[8.134s] [ 33%] [32mBuilding CXX object CMakeFiles/beliv_veh_interface.dir/src/beliv_veh_interface.cpp.o[0m
[8.135s] [ 66%] [32mBuilding CXX object CMakeFiles/beliv_veh_interface.dir/src/beliv_veh_interface_node.cpp.o[0m
[11.394s] In file included from [01m[K/usr/include/boost/math/tools/cxx03_warn.hpp:9[m[K,
[11.394s]                  from [01m[K/usr/include/boost/math/constants/constants.hpp:11[m[K,
[11.394s]                  from [01m[K/usr/include/boost/geometry/util/math.hpp:29[m[K,
[11.394s]                  from [01m[K/usr/include/boost/geometry/util/is_inverse_spheroidal_coordinates.hpp:19[m[K,
[11.394s]                  from [01m[K/usr/include/boost/geometry/algorithms/detail/assign_values.hpp:42[m[K,
[11.394s]                  from [01m[K/usr/include/boost/geometry/algorithms/detail/assign_box_corners.hpp:21[m[K,
[11.394s]                  from [01m[K/usr/include/boost/geometry/algorithms/convert.hpp:38[m[K,
[11.394s]                  from [01m[K/usr/include/boost/geometry/geometries/box.hpp:22[m[K,
[11.394s]                  from [01m[K/usr/include/boost/geometry/geometries/geometries.hpp:25[m[K,
[11.394s]                  from [01m[K/home/hguo/carla-autoware-universe/autoware/install/tier4_autoware_utils/include/tier4_autoware_utils/geometry/boost_geometry.hpp:19[m[K,
[11.394s]                  from [01m[K/home/hguo/carla-autoware-universe/autoware/install/tier4_autoware_utils/include/tier4_autoware_utils/tier4_autoware_utils.hpp:18[m[K,
[11.394s]                  from [01m[K/home/hguo/carla-autoware-universe/autoware/install/vehicle_info_util/include/vehicle_info_util/vehicle_info.hpp:18[m[K,
[11.394s]                  from [01m[K/home/hguo/carla-autoware-universe/autoware/install/vehicle_info_util/include/vehicle_info_util/vehicle_info_util.hpp:18[m[K,
[11.394s]                  from [01m[K/home/hguo/carla-autoware-universe/autoware/src/vehicle/external/beliv_vehicle_interface/src/beliv_veh_interface.hpp:39[m[K,
[11.394s]                  from [01m[K/home/hguo/carla-autoware-universe/autoware/src/vehicle/external/beliv_vehicle_interface/src/beliv_veh_interface_node.cpp:16[m[K:
[11.394s] [01m[K/usr/include/boost/detail/no_exceptions_support.hpp:17:1:[m[K [01;36m[Knote: [m[K‘[01m[K#pragma message: This header is deprecated. Use <boost/core/no_exceptions_support.hpp> instead.[m[K’
[11.394s]    17 | [01;36m[KBOOST_HEADER_DEPRECATED[m[K("<boost/core/no_exceptions_support.hpp>")
[11.394s]       | [01;36m[K^~~~~~~~~~~~~~~~~~~~~~~[m[K
[11.406s] In file included from [01m[K/usr/include/boost/math/tools/cxx03_warn.hpp:9[m[K,
[11.406s]                  from [01m[K/usr/include/boost/math/constants/constants.hpp:11[m[K,
[11.406s]                  from [01m[K/usr/include/boost/geometry/util/math.hpp:29[m[K,
[11.406s]                  from [01m[K/usr/include/boost/geometry/util/is_inverse_spheroidal_coordinates.hpp:19[m[K,
[11.406s]                  from [01m[K/usr/include/boost/geometry/algorithms/detail/assign_values.hpp:42[m[K,
[11.406s]                  from [01m[K/usr/include/boost/geometry/algorithms/detail/assign_box_corners.hpp:21[m[K,
[11.406s]                  from [01m[K/usr/include/boost/geometry/algorithms/convert.hpp:38[m[K,
[11.406s]                  from [01m[K/usr/include/boost/geometry/geometries/box.hpp:22[m[K,
[11.406s]                  from [01m[K/usr/include/boost/geometry/geometries/geometries.hpp:25[m[K,
[11.406s]                  from [01m[K/home/hguo/carla-autoware-universe/autoware/install/tier4_autoware_utils/include/tier4_autoware_utils/geometry/boost_geometry.hpp:19[m[K,
[11.406s]                  from [01m[K/home/hguo/carla-autoware-universe/autoware/install/tier4_autoware_utils/include/tier4_autoware_utils/tier4_autoware_utils.hpp:18[m[K,
[11.406s]                  from [01m[K/home/hguo/carla-autoware-universe/autoware/install/vehicle_info_util/include/vehicle_info_util/vehicle_info.hpp:18[m[K,
[11.406s]                  from [01m[K/home/hguo/carla-autoware-universe/autoware/install/vehicle_info_util/include/vehicle_info_util/vehicle_info_util.hpp:18[m[K,
[11.406s]                  from [01m[K/home/hguo/carla-autoware-universe/autoware/src/vehicle/external/beliv_vehicle_interface/src/beliv_veh_interface.hpp:39[m[K,
[11.406s]                  from [01m[K/home/hguo/carla-autoware-universe/autoware/src/vehicle/external/beliv_vehicle_interface/src/beliv_veh_interface.cpp:35[m[K:
[11.406s] [01m[K/usr/include/boost/detail/no_exceptions_support.hpp:17:1:[m[K [01;36m[Knote: [m[K‘[01m[K#pragma message: This header is deprecated. Use <boost/core/no_exceptions_support.hpp> instead.[m[K’
[11.406s]    17 | [01;36m[KBOOST_HEADER_DEPRECATED[m[K("<boost/core/no_exceptions_support.hpp>")
[11.406s]       | [01;36m[K^~~~~~~~~~~~~~~~~~~~~~~[m[K
[29.700s] [100%] [32m[1mLinking CXX executable beliv_veh_interface[0m
[31.630s] [100%] Built target beliv_veh_interface
[31.646s] Invoked command in '/home/hguo/carla-autoware-universe/autoware/src/vehicle/external/beliv_vehicle_interface/build/beliv_vehicle_interface' returned '0': CMAKE_PREFIX_PATH=${CMAKE_PREFIX_PATH}:/home/hguo/carla-autoware-universe/autoware/install/simulator_compatibility_test:/home/hguo/carla-autoware-universe/autoware/install/ad_api_visualizers:/opt/ros/humble /usr/bin/cmake --build /home/hguo/carla-autoware-universe/autoware/src/vehicle/external/beliv_vehicle_interface/build/beliv_vehicle_interface -- -j20 -l20
[31.726s] Invoking command in '/home/hguo/carla-autoware-universe/autoware/src/vehicle/external/beliv_vehicle_interface/build/beliv_vehicle_interface': CMAKE_PREFIX_PATH=${CMAKE_PREFIX_PATH}:/home/hguo/carla-autoware-universe/autoware/install/simulator_compatibility_test:/home/hguo/carla-autoware-universe/autoware/install/ad_api_visualizers:/opt/ros/humble /usr/bin/cmake --install /home/hguo/carla-autoware-universe/autoware/src/vehicle/external/beliv_vehicle_interface/build/beliv_vehicle_interface
[31.739s] -- Install configuration: ""
[31.739s] -- Installing: /home/hguo/carla-autoware-universe/autoware/src/vehicle/external/beliv_vehicle_interface/install/beliv_vehicle_interface/include
[31.739s] -- Installing: /home/hguo/carla-autoware-universe/autoware/src/vehicle/external/beliv_vehicle_interface/install/beliv_vehicle_interface/include/beliv_vehicle_interface
[31.739s] -- Installing: /home/hguo/carla-autoware-universe/autoware/src/vehicle/external/beliv_vehicle_interface/install/beliv_vehicle_interface/lib/beliv_vehicle_interface/beliv_veh_interface
[31.748s] -- Set runtime path of "/home/hguo/carla-autoware-universe/autoware/src/vehicle/external/beliv_vehicle_interface/install/beliv_vehicle_interface/lib/beliv_vehicle_interface/beliv_veh_interface" to ""
[31.748s] -- Installing: /home/hguo/carla-autoware-universe/autoware/src/vehicle/external/beliv_vehicle_interface/install/beliv_vehicle_interface/share/beliv_vehicle_interface/launch
[31.748s] -- Installing: /home/hguo/carla-autoware-universe/autoware/src/vehicle/external/beliv_vehicle_interface/install/beliv_vehicle_interface/share/beliv_vehicle_interface/launch/dbw.launch.xml
[31.748s] -- Installing: /home/hguo/carla-autoware-universe/autoware/src/vehicle/external/beliv_vehicle_interface/install/beliv_vehicle_interface/share/ament_index/resource_index/package_run_dependencies/beliv_vehicle_interface
[31.748s] -- Installing: /home/hguo/carla-autoware-universe/autoware/src/vehicle/external/beliv_vehicle_interface/install/beliv_vehicle_interface/share/ament_index/resource_index/parent_prefix_path/beliv_vehicle_interface
[31.748s] -- Installing: /home/hguo/carla-autoware-universe/autoware/src/vehicle/external/beliv_vehicle_interface/install/beliv_vehicle_interface/share/beliv_vehicle_interface/environment/ament_prefix_path.sh
[31.748s] -- Installing: /home/hguo/carla-autoware-universe/autoware/src/vehicle/external/beliv_vehicle_interface/install/beliv_vehicle_interface/share/beliv_vehicle_interface/environment/ament_prefix_path.dsv
[31.748s] -- Installing: /home/hguo/carla-autoware-universe/autoware/src/vehicle/external/beliv_vehicle_interface/install/beliv_vehicle_interface/share/beliv_vehicle_interface/environment/path.sh
[31.748s] -- Installing: /home/hguo/carla-autoware-universe/autoware/src/vehicle/external/beliv_vehicle_interface/install/beliv_vehicle_interface/share/beliv_vehicle_interface/environment/path.dsv
[31.748s] -- Installing: /home/hguo/carla-autoware-universe/autoware/src/vehicle/external/beliv_vehicle_interface/install/beliv_vehicle_interface/share/beliv_vehicle_interface/local_setup.bash
[31.748s] -- Installing: /home/hguo/carla-autoware-universe/autoware/src/vehicle/external/beliv_vehicle_interface/install/beliv_vehicle_interface/share/beliv_vehicle_interface/local_setup.sh
[31.749s] -- Installing: /home/hguo/carla-autoware-universe/autoware/src/vehicle/external/beliv_vehicle_interface/install/beliv_vehicle_interface/share/beliv_vehicle_interface/local_setup.zsh
[31.749s] -- Installing: /home/hguo/carla-autoware-universe/autoware/src/vehicle/external/beliv_vehicle_interface/install/beliv_vehicle_interface/share/beliv_vehicle_interface/local_setup.dsv
[31.749s] -- Installing: /home/hguo/carla-autoware-universe/autoware/src/vehicle/external/beliv_vehicle_interface/install/beliv_vehicle_interface/share/beliv_vehicle_interface/package.dsv
[31.749s] -- Installing: /home/hguo/carla-autoware-universe/autoware/src/vehicle/external/beliv_vehicle_interface/install/beliv_vehicle_interface/share/ament_index/resource_index/packages/beliv_vehicle_interface
[31.749s] -- Installing: /home/hguo/carla-autoware-universe/autoware/src/vehicle/external/beliv_vehicle_interface/install/beliv_vehicle_interface/share/beliv_vehicle_interface/cmake/ament_cmake_export_dependencies-extras.cmake
[31.749s] -- Installing: /home/hguo/carla-autoware-universe/autoware/src/vehicle/external/beliv_vehicle_interface/install/beliv_vehicle_interface/share/beliv_vehicle_interface/cmake/ament_cmake_export_include_directories-extras.cmake
[31.749s] -- Installing: /home/hguo/carla-autoware-universe/autoware/src/vehicle/external/beliv_vehicle_interface/install/beliv_vehicle_interface/share/beliv_vehicle_interface/cmake/beliv_vehicle_interfaceConfig.cmake
[31.749s] -- Installing: /home/hguo/carla-autoware-universe/autoware/src/vehicle/external/beliv_vehicle_interface/install/beliv_vehicle_interface/share/beliv_vehicle_interface/cmake/beliv_vehicle_interfaceConfig-version.cmake
[31.749s] -- Installing: /home/hguo/carla-autoware-universe/autoware/src/vehicle/external/beliv_vehicle_interface/install/beliv_vehicle_interface/share/beliv_vehicle_interface/package.xml
[31.750s] Invoked command in '/home/hguo/carla-autoware-universe/autoware/src/vehicle/external/beliv_vehicle_interface/build/beliv_vehicle_interface' returned '0': CMAKE_PREFIX_PATH=${CMAKE_PREFIX_PATH}:/home/hguo/carla-autoware-universe/autoware/install/simulator_compatibility_test:/home/hguo/carla-autoware-universe/autoware/install/ad_api_visualizers:/opt/ros/humble /usr/bin/cmake --install /home/hguo/carla-autoware-universe/autoware/src/vehicle/external/beliv_vehicle_interface/build/beliv_vehicle_interface
