[35m[1mConsolidate compiler generated dependencies of target beliv_veh_interface[0m
[100%] Built target beliv_veh_interface
-- Install configuration: ""
-- Up-to-date: /home/hguo/carla-autoware-universe/autoware/src/vehicle/external/beliv_vehicle_interface/install/beliv_vehicle_interface/include
-- Up-to-date: /home/hguo/carla-autoware-universe/autoware/src/vehicle/external/beliv_vehicle_interface/install/beliv_vehicle_interface/include/beliv_vehicle_interface
-- Up-to-date: /home/hguo/carla-autoware-universe/autoware/src/vehicle/external/beliv_vehicle_interface/install/beliv_vehicle_interface/lib/beliv_vehicle_interface/beliv_veh_interface
-- Up-to-date: /home/hguo/carla-autoware-universe/autoware/src/vehicle/external/beliv_vehicle_interface/install/beliv_vehicle_interface/share/beliv_vehicle_interface/launch
-- Up-to-date: /home/hguo/carla-autoware-universe/autoware/src/vehicle/external/beliv_vehicle_interface/install/beliv_vehicle_interface/share/beliv_vehicle_interface/launch/dbw.launch.xml
-- Up-to-date: /home/hguo/carla-autoware-universe/autoware/src/vehicle/external/beliv_vehicle_interface/install/beliv_vehicle_interface/share/ament_index/resource_index/package_run_dependencies/beliv_vehicle_interface
-- Up-to-date: /home/hguo/carla-autoware-universe/autoware/src/vehicle/external/beliv_vehicle_interface/install/beliv_vehicle_interface/share/ament_index/resource_index/parent_prefix_path/beliv_vehicle_interface
-- Up-to-date: /home/hguo/carla-autoware-universe/autoware/src/vehicle/external/beliv_vehicle_interface/install/beliv_vehicle_interface/share/beliv_vehicle_interface/environment/ament_prefix_path.sh
-- Up-to-date: /home/hguo/carla-autoware-universe/autoware/src/vehicle/external/beliv_vehicle_interface/install/beliv_vehicle_interface/share/beliv_vehicle_interface/environment/ament_prefix_path.dsv
-- Up-to-date: /home/hguo/carla-autoware-universe/autoware/src/vehicle/external/beliv_vehicle_interface/install/beliv_vehicle_interface/share/beliv_vehicle_interface/environment/path.sh
-- Up-to-date: /home/hguo/carla-autoware-universe/autoware/src/vehicle/external/beliv_vehicle_interface/install/beliv_vehicle_interface/share/beliv_vehicle_interface/environment/path.dsv
-- Up-to-date: /home/hguo/carla-autoware-universe/autoware/src/vehicle/external/beliv_vehicle_interface/install/beliv_vehicle_interface/share/beliv_vehicle_interface/local_setup.bash
-- Up-to-date: /home/hguo/carla-autoware-universe/autoware/src/vehicle/external/beliv_vehicle_interface/install/beliv_vehicle_interface/share/beliv_vehicle_interface/local_setup.sh
-- Up-to-date: /home/hguo/carla-autoware-universe/autoware/src/vehicle/external/beliv_vehicle_interface/install/beliv_vehicle_interface/share/beliv_vehicle_interface/local_setup.zsh
-- Up-to-date: /home/hguo/carla-autoware-universe/autoware/src/vehicle/external/beliv_vehicle_interface/install/beliv_vehicle_interface/share/beliv_vehicle_interface/local_setup.dsv
-- Installing: /home/hguo/carla-autoware-universe/autoware/src/vehicle/external/beliv_vehicle_interface/install/beliv_vehicle_interface/share/beliv_vehicle_interface/package.dsv
-- Up-to-date: /home/hguo/carla-autoware-universe/autoware/src/vehicle/external/beliv_vehicle_interface/install/beliv_vehicle_interface/share/ament_index/resource_index/packages/beliv_vehicle_interface
-- Up-to-date: /home/hguo/carla-autoware-universe/autoware/src/vehicle/external/beliv_vehicle_interface/install/beliv_vehicle_interface/share/beliv_vehicle_interface/cmake/ament_cmake_export_dependencies-extras.cmake
-- Up-to-date: /home/hguo/carla-autoware-universe/autoware/src/vehicle/external/beliv_vehicle_interface/install/beliv_vehicle_interface/share/beliv_vehicle_interface/cmake/ament_cmake_export_include_directories-extras.cmake
-- Up-to-date: /home/hguo/carla-autoware-universe/autoware/src/vehicle/external/beliv_vehicle_interface/install/beliv_vehicle_interface/share/beliv_vehicle_interface/cmake/beliv_vehicle_interfaceConfig.cmake
-- Up-to-date: /home/hguo/carla-autoware-universe/autoware/src/vehicle/external/beliv_vehicle_interface/install/beliv_vehicle_interface/share/beliv_vehicle_interface/cmake/beliv_vehicle_interfaceConfig-version.cmake
-- Up-to-date: /home/hguo/carla-autoware-universe/autoware/src/vehicle/external/beliv_vehicle_interface/install/beliv_vehicle_interface/share/beliv_vehicle_interface/package.xml
