[0.020s] Invoking command in '/home/hguo/carla-autoware-universe/autoware/src/vehicle/external/beliv_vehicle_interface/build/beliv_vehicle_interface': CMAKE_PREFIX_PATH=${CMAKE_PREFIX_PATH}:/home/hguo/carla-autoware-universe/autoware/install/simulator_compatibility_test:/home/hguo/carla-autoware-universe/autoware/install/ad_api_visualizers:/opt/ros/humble /usr/bin/cmake --build /home/hguo/carla-autoware-universe/autoware/src/vehicle/external/beliv_vehicle_interface/build/beliv_vehicle_interface -- -j20 -l20
[0.096s] [35m[1mConsolidate compiler generated dependencies of target beliv_veh_interface[0m
[0.137s] [ 33%] [32mBuilding CXX object CMakeFiles/beliv_veh_interface.dir/src/beliv_veh_interface.cpp.o[0m
[0.138s] [ 66%] [32mBuilding CXX object CMakeFiles/beliv_veh_interface.dir/src/beliv_veh_interface_node.cpp.o[0m
[21.435s] [100%] [32m[1mLinking CXX executable beliv_veh_interface[0m
[23.337s] [100%] Built target beliv_veh_interface
[23.352s] Invoked command in '/home/hguo/carla-autoware-universe/autoware/src/vehicle/external/beliv_vehicle_interface/build/beliv_vehicle_interface' returned '0': CMAKE_PREFIX_PATH=${CMAKE_PREFIX_PATH}:/home/hguo/carla-autoware-universe/autoware/install/simulator_compatibility_test:/home/hguo/carla-autoware-universe/autoware/install/ad_api_visualizers:/opt/ros/humble /usr/bin/cmake --build /home/hguo/carla-autoware-universe/autoware/src/vehicle/external/beliv_vehicle_interface/build/beliv_vehicle_interface -- -j20 -l20
[23.432s] Invoking command in '/home/hguo/carla-autoware-universe/autoware/src/vehicle/external/beliv_vehicle_interface/build/beliv_vehicle_interface': CMAKE_PREFIX_PATH=${CMAKE_PREFIX_PATH}:/home/hguo/carla-autoware-universe/autoware/install/simulator_compatibility_test:/home/hguo/carla-autoware-universe/autoware/install/ad_api_visualizers:/opt/ros/humble /usr/bin/cmake --install /home/hguo/carla-autoware-universe/autoware/src/vehicle/external/beliv_vehicle_interface/build/beliv_vehicle_interface
[23.444s] -- Install configuration: ""
[23.444s] -- Up-to-date: /home/hguo/carla-autoware-universe/autoware/src/vehicle/external/beliv_vehicle_interface/install/beliv_vehicle_interface/include
[23.444s] -- Up-to-date: /home/hguo/carla-autoware-universe/autoware/src/vehicle/external/beliv_vehicle_interface/install/beliv_vehicle_interface/include/beliv_vehicle_interface
[23.444s] -- Installing: /home/hguo/carla-autoware-universe/autoware/src/vehicle/external/beliv_vehicle_interface/install/beliv_vehicle_interface/lib/beliv_vehicle_interface/beliv_veh_interface
[23.453s] -- Set runtime path of "/home/hguo/carla-autoware-universe/autoware/src/vehicle/external/beliv_vehicle_interface/install/beliv_vehicle_interface/lib/beliv_vehicle_interface/beliv_veh_interface" to ""
[23.454s] -- Up-to-date: /home/hguo/carla-autoware-universe/autoware/src/vehicle/external/beliv_vehicle_interface/install/beliv_vehicle_interface/share/beliv_vehicle_interface/launch
[23.454s] -- Up-to-date: /home/hguo/carla-autoware-universe/autoware/src/vehicle/external/beliv_vehicle_interface/install/beliv_vehicle_interface/share/beliv_vehicle_interface/launch/dbw.launch.xml
[23.454s] -- Up-to-date: /home/hguo/carla-autoware-universe/autoware/src/vehicle/external/beliv_vehicle_interface/install/beliv_vehicle_interface/share/ament_index/resource_index/package_run_dependencies/beliv_vehicle_interface
[23.454s] -- Up-to-date: /home/hguo/carla-autoware-universe/autoware/src/vehicle/external/beliv_vehicle_interface/install/beliv_vehicle_interface/share/ament_index/resource_index/parent_prefix_path/beliv_vehicle_interface
[23.454s] -- Up-to-date: /home/hguo/carla-autoware-universe/autoware/src/vehicle/external/beliv_vehicle_interface/install/beliv_vehicle_interface/share/beliv_vehicle_interface/environment/ament_prefix_path.sh
[23.454s] -- Up-to-date: /home/hguo/carla-autoware-universe/autoware/src/vehicle/external/beliv_vehicle_interface/install/beliv_vehicle_interface/share/beliv_vehicle_interface/environment/ament_prefix_path.dsv
[23.454s] -- Up-to-date: /home/hguo/carla-autoware-universe/autoware/src/vehicle/external/beliv_vehicle_interface/install/beliv_vehicle_interface/share/beliv_vehicle_interface/environment/path.sh
[23.454s] -- Up-to-date: /home/hguo/carla-autoware-universe/autoware/src/vehicle/external/beliv_vehicle_interface/install/beliv_vehicle_interface/share/beliv_vehicle_interface/environment/path.dsv
[23.454s] -- Up-to-date: /home/hguo/carla-autoware-universe/autoware/src/vehicle/external/beliv_vehicle_interface/install/beliv_vehicle_interface/share/beliv_vehicle_interface/local_setup.bash
[23.455s] -- Up-to-date: /home/hguo/carla-autoware-universe/autoware/src/vehicle/external/beliv_vehicle_interface/install/beliv_vehicle_interface/share/beliv_vehicle_interface/local_setup.sh
[23.455s] -- Up-to-date: /home/hguo/carla-autoware-universe/autoware/src/vehicle/external/beliv_vehicle_interface/install/beliv_vehicle_interface/share/beliv_vehicle_interface/local_setup.zsh
[23.455s] -- Up-to-date: /home/hguo/carla-autoware-universe/autoware/src/vehicle/external/beliv_vehicle_interface/install/beliv_vehicle_interface/share/beliv_vehicle_interface/local_setup.dsv
[23.455s] -- Installing: /home/hguo/carla-autoware-universe/autoware/src/vehicle/external/beliv_vehicle_interface/install/beliv_vehicle_interface/share/beliv_vehicle_interface/package.dsv
[23.455s] -- Up-to-date: /home/hguo/carla-autoware-universe/autoware/src/vehicle/external/beliv_vehicle_interface/install/beliv_vehicle_interface/share/ament_index/resource_index/packages/beliv_vehicle_interface
[23.455s] -- Up-to-date: /home/hguo/carla-autoware-universe/autoware/src/vehicle/external/beliv_vehicle_interface/install/beliv_vehicle_interface/share/beliv_vehicle_interface/cmake/ament_cmake_export_dependencies-extras.cmake
[23.455s] -- Up-to-date: /home/hguo/carla-autoware-universe/autoware/src/vehicle/external/beliv_vehicle_interface/install/beliv_vehicle_interface/share/beliv_vehicle_interface/cmake/ament_cmake_export_include_directories-extras.cmake
[23.455s] -- Up-to-date: /home/hguo/carla-autoware-universe/autoware/src/vehicle/external/beliv_vehicle_interface/install/beliv_vehicle_interface/share/beliv_vehicle_interface/cmake/beliv_vehicle_interfaceConfig.cmake
[23.455s] -- Up-to-date: /home/hguo/carla-autoware-universe/autoware/src/vehicle/external/beliv_vehicle_interface/install/beliv_vehicle_interface/share/beliv_vehicle_interface/cmake/beliv_vehicle_interfaceConfig-version.cmake
[23.455s] -- Up-to-date: /home/hguo/carla-autoware-universe/autoware/src/vehicle/external/beliv_vehicle_interface/install/beliv_vehicle_interface/share/beliv_vehicle_interface/package.xml
[23.455s] Invoked command in '/home/hguo/carla-autoware-universe/autoware/src/vehicle/external/beliv_vehicle_interface/build/beliv_vehicle_interface' returned '0': CMAKE_PREFIX_PATH=${CMAKE_PREFIX_PATH}:/home/hguo/carla-autoware-universe/autoware/install/simulator_compatibility_test:/home/hguo/carla-autoware-universe/autoware/install/ad_api_visualizers:/opt/ros/humble /usr/bin/cmake --install /home/hguo/carla-autoware-universe/autoware/src/vehicle/external/beliv_vehicle_interface/build/beliv_vehicle_interface
