[0.022s] Invoking command in '/home/hguo/carla-autoware-universe/autoware/src/vehicle/external/beliv_vehicle_interface/build/beliv_vehicle_interface': CMAKE_PREFIX_PATH=${CMAKE_PREFIX_PATH}:/home/hguo/carla-autoware-universe/autoware/install/simulator_compatibility_test:/home/hguo/carla-autoware-universe/autoware/install/ad_api_visualizers:/opt/ros/humble /usr/bin/cmake /home/hguo/carla-autoware-universe/autoware/src/vehicle/external/beliv_vehicle_interface -DCMAKE_INSTALL_PREFIX=/home/hguo/carla-autoware-universe/autoware/src/vehicle/external/beliv_vehicle_interface/install/beliv_vehicle_interface
[0.092s] -- The C compiler identification is GNU 11.4.0
[0.136s] -- The CXX compiler identification is GNU 11.4.0
[0.142s] -- Detecting C compiler ABI info
[0.234s] -- Detecting C compiler ABI info - done
[0.237s] -- Check for working C compiler: /usr/bin/cc - skipped
[0.238s] -- Detecting C compile features
[0.238s] -- Detecting C compile features - done
[0.239s] -- Detecting CXX compiler ABI info
[0.338s] -- Detecting CXX compiler ABI info - done
[0.342s] -- Check for working CXX compiler: /usr/bin/c++ - skipped
[0.342s] -- Detecting CXX compile features
[0.343s] -- Detecting CXX compile features - done
[0.355s] -- Found ament_cmake_auto: 1.3.5 (/opt/ros/humble/share/ament_cmake_auto/cmake)
[0.567s] -- Found Python3: /usr/bin/python3.10 (found version "3.10.12") found components: Interpreter 
[0.983s] -- Found rosidl_generator_c: 3.1.5 (/opt/ros/humble/share/rosidl_generator_c/cmake)
[1.007s] -- Found rosidl_adapter: 3.1.5 (/opt/ros/humble/share/rosidl_adapter/cmake)
[1.034s] -- Found rosidl_generator_cpp: 3.1.5 (/opt/ros/humble/share/rosidl_generator_cpp/cmake)
[1.078s] -- Using all available rosidl_typesupport_c: rosidl_typesupport_fastrtps_c;rosidl_typesupport_introspection_c
[1.137s] -- Using all available rosidl_typesupport_cpp: rosidl_typesupport_fastrtps_cpp;rosidl_typesupport_introspection_cpp
[1.298s] -- Found rmw_implementation_cmake: 6.1.1 (/opt/ros/humble/share/rmw_implementation_cmake/cmake)
[1.326s] -- Found rmw_cyclonedds_cpp: 1.3.4 (/opt/ros/humble/share/rmw_cyclonedds_cpp/cmake)
[1.423s] -- Using RMW implementation 'rmw_cyclonedds_cpp' as default
[1.460s] -- Looking for pthread.h
[1.554s] -- Looking for pthread.h - found
[1.554s] -- Performing Test CMAKE_HAVE_LIBC_PTHREAD
[1.646s] -- Performing Test CMAKE_HAVE_LIBC_PTHREAD - Success
[1.646s] -- Found Threads: TRUE  
[3.732s] -- Found eigen3_cmake_module: 0.1.1 (/opt/ros/humble/share/eigen3_cmake_module/cmake)
[3.733s] -- Found Eigen3: TRUE (found version "3.4.0") 
[3.733s] -- Ensuring Eigen3 include directory is part of orocos-kdl CMake target
[4.004s] -- Checking for module 'eigen3'
[4.032s] --   Found eigen3, version 3.4.0
[4.090s] -- Found Eigen: /usr/include/eigen3 (Required is at least version "3.1") 
[4.090s] -- Eigen found (include: /usr/include/eigen3, version: 3.4.0)
[4.200s] -- Checking for module 'flann'
[4.228s] --   Found flann, version 1.9.1
[4.296s] -- Found FLANN: /usr/lib/x86_64-linux-gnu/libflann_cpp.so  
[4.296s] -- FLANN found (include: /usr/include, lib: /usr/lib/x86_64-linux-gnu/libflann_cpp.so)
[5.561s] -- Checking for module 'libusb-1.0'
[5.590s] --   Found libusb-1.0, version 1.0.25
[5.649s] -- Found libusb: /usr/lib/x86_64-linux-gnu/libusb-1.0.so  
[5.649s] -- OpenNI found (version: 1.5.4.0, include: /usr/include/ni, lib: /usr/lib/libOpenNI.so;libusb::libusb)
[5.746s] -- OpenNI2 found (version: 2.2.0.33, include: /usr/include/openni2, lib: /usr/lib/x86_64-linux-gnu/libOpenNI2.so;libusb::libusb)
[5.910s] -- Eigen found (include: /usr/include/eigen3, version: 3.4.0)
[5.916s] -- OpenNI found (version: 1.5.4.0, include: /usr/include/ni, lib: /usr/lib/libOpenNI.so;libusb::libusb)
[5.921s] -- OpenNI2 found (version: 2.2.0.33, include: /usr/include/openni2, lib: /usr/lib/x86_64-linux-gnu/libOpenNI2.so;libusb::libusb)
[6.087s] -- Found Qhull version 8.0.2
[6.248s] -- OpenNI found (version: 1.5.4.0, include: /usr/include/ni, lib: /usr/lib/libOpenNI.so;libusb::libusb)
[6.405s] -- Found PCL_COMMON: /usr/lib/x86_64-linux-gnu/libpcl_common.so  
[6.405s] -- Found PCL_KDTREE: /usr/lib/x86_64-linux-gnu/libpcl_kdtree.so  
[6.406s] -- Found PCL_OCTREE: /usr/lib/x86_64-linux-gnu/libpcl_octree.so  
[6.406s] -- Found PCL_SEARCH: /usr/lib/x86_64-linux-gnu/libpcl_search.so  
[6.406s] -- Found PCL_SAMPLE_CONSENSUS: /usr/lib/x86_64-linux-gnu/libpcl_sample_consensus.so  
[6.407s] -- Found PCL_FILTERS: /usr/lib/x86_64-linux-gnu/libpcl_filters.so  
[6.407s] -- Found PCL_2D: /usr/include/pcl-1.12  
[6.407s] -- Found PCL_GEOMETRY: /usr/include/pcl-1.12  
[6.408s] -- Found PCL_IO: /usr/lib/x86_64-linux-gnu/libpcl_io.so  
[6.408s] -- Found PCL_FEATURES: /usr/lib/x86_64-linux-gnu/libpcl_features.so  
[6.409s] -- Found PCL_ML: /usr/lib/x86_64-linux-gnu/libpcl_ml.so  
[6.409s] -- Found PCL_SEGMENTATION: /usr/lib/x86_64-linux-gnu/libpcl_segmentation.so  
[6.410s] -- Found PCL_VISUALIZATION: /usr/lib/x86_64-linux-gnu/libpcl_visualization.so  
[6.410s] -- Found PCL_SURFACE: /usr/lib/x86_64-linux-gnu/libpcl_surface.so  
[6.411s] -- Found PCL_REGISTRATION: /usr/lib/x86_64-linux-gnu/libpcl_registration.so  
[6.411s] -- Found PCL_KEYPOINTS: /usr/lib/x86_64-linux-gnu/libpcl_keypoints.so  
[6.412s] -- Found PCL_TRACKING: /usr/lib/x86_64-linux-gnu/libpcl_tracking.so  
[6.412s] -- Found PCL_RECOGNITION: /usr/lib/x86_64-linux-gnu/libpcl_recognition.so  
[6.413s] -- Found PCL_STEREO: /usr/lib/x86_64-linux-gnu/libpcl_stereo.so  
[6.413s] -- Found PCL_APPS: /usr/lib/x86_64-linux-gnu/libpcl_apps.so  
[6.414s] -- Found PCL_IN_HAND_SCANNER: /usr/include/pcl-1.12  
[6.414s] -- Found PCL_MODELER: /usr/include/pcl-1.12  
[6.414s] -- Found PCL_POINT_CLOUD_EDITOR: /usr/include/pcl-1.12  
[6.414s] -- Found PCL_OUTOFCORE: /usr/lib/x86_64-linux-gnu/libpcl_outofcore.so  
[6.415s] -- Found PCL_PEOPLE: /usr/lib/x86_64-linux-gnu/libpcl_people.so  
[8.145s] -- Found ament_lint_auto: 0.12.7 (/opt/ros/humble/share/ament_lint_auto/cmake)
[8.205s] -- Added test 'copyright' to check source files copyright and LICENSE
[8.211s] -- Added test 'cppcheck' to perform static code analysis on C / C++ code
[8.211s] -- Configured cppcheck include dirs: /home/hguo/carla-autoware-universe/autoware/src/vehicle/external/beliv_vehicle_interface/include
[8.211s] -- Configured cppcheck exclude dirs and/or files: 
[8.215s] -- Added test 'lint_cmake' to check CMake code style
[8.218s] -- Added test 'xmllint' to check XML markup files
[8.224s] -- Configuring done
[8.264s] -- Generating done
[8.266s] -- Build files have been written to: /home/hguo/carla-autoware-universe/autoware/src/vehicle/external/beliv_vehicle_interface/build/beliv_vehicle_interface
[8.277s] Invoked command in '/home/hguo/carla-autoware-universe/autoware/src/vehicle/external/beliv_vehicle_interface/build/beliv_vehicle_interface' returned '0': CMAKE_PREFIX_PATH=${CMAKE_PREFIX_PATH}:/home/hguo/carla-autoware-universe/autoware/install/simulator_compatibility_test:/home/hguo/carla-autoware-universe/autoware/install/ad_api_visualizers:/opt/ros/humble /usr/bin/cmake /home/hguo/carla-autoware-universe/autoware/src/vehicle/external/beliv_vehicle_interface -DCMAKE_INSTALL_PREFIX=/home/hguo/carla-autoware-universe/autoware/src/vehicle/external/beliv_vehicle_interface/install/beliv_vehicle_interface
[8.278s] Invoking command in '/home/hguo/carla-autoware-universe/autoware/src/vehicle/external/beliv_vehicle_interface/build/beliv_vehicle_interface': CMAKE_PREFIX_PATH=${CMAKE_PREFIX_PATH}:/home/hguo/carla-autoware-universe/autoware/install/simulator_compatibility_test:/home/hguo/carla-autoware-universe/autoware/install/ad_api_visualizers:/opt/ros/humble /usr/bin/cmake --build /home/hguo/carla-autoware-universe/autoware/src/vehicle/external/beliv_vehicle_interface/build/beliv_vehicle_interface -- -j20 -l20
[8.372s] [ 66%] [32mBuilding CXX object CMakeFiles/beliv_veh_interface.dir/src/beliv_veh_interface.cpp.o[0m
[8.372s] [ 66%] [32mBuilding CXX object CMakeFiles/beliv_veh_interface.dir/src/beliv_veh_interface_node.cpp.o[0m
[29.829s] [100%] [32m[1mLinking CXX executable beliv_veh_interface[0m
[31.764s] [100%] Built target beliv_veh_interface
[31.781s] Invoked command in '/home/hguo/carla-autoware-universe/autoware/src/vehicle/external/beliv_vehicle_interface/build/beliv_vehicle_interface' returned '0': CMAKE_PREFIX_PATH=${CMAKE_PREFIX_PATH}:/home/hguo/carla-autoware-universe/autoware/install/simulator_compatibility_test:/home/hguo/carla-autoware-universe/autoware/install/ad_api_visualizers:/opt/ros/humble /usr/bin/cmake --build /home/hguo/carla-autoware-universe/autoware/src/vehicle/external/beliv_vehicle_interface/build/beliv_vehicle_interface -- -j20 -l20
[31.868s] Invoking command in '/home/hguo/carla-autoware-universe/autoware/src/vehicle/external/beliv_vehicle_interface/build/beliv_vehicle_interface': CMAKE_PREFIX_PATH=${CMAKE_PREFIX_PATH}:/home/hguo/carla-autoware-universe/autoware/install/simulator_compatibility_test:/home/hguo/carla-autoware-universe/autoware/install/ad_api_visualizers:/opt/ros/humble /usr/bin/cmake --install /home/hguo/carla-autoware-universe/autoware/src/vehicle/external/beliv_vehicle_interface/build/beliv_vehicle_interface
[31.881s] -- Install configuration: ""
[31.881s] -- Installing: /home/hguo/carla-autoware-universe/autoware/src/vehicle/external/beliv_vehicle_interface/install/beliv_vehicle_interface/include
[31.881s] -- Installing: /home/hguo/carla-autoware-universe/autoware/src/vehicle/external/beliv_vehicle_interface/install/beliv_vehicle_interface/include/beliv_vehicle_interface
[31.881s] -- Installing: /home/hguo/carla-autoware-universe/autoware/src/vehicle/external/beliv_vehicle_interface/install/beliv_vehicle_interface/lib/beliv_vehicle_interface/beliv_veh_interface
[31.890s] -- Set runtime path of "/home/hguo/carla-autoware-universe/autoware/src/vehicle/external/beliv_vehicle_interface/install/beliv_vehicle_interface/lib/beliv_vehicle_interface/beliv_veh_interface" to ""
[31.890s] -- Installing: /home/hguo/carla-autoware-universe/autoware/src/vehicle/external/beliv_vehicle_interface/install/beliv_vehicle_interface/share/beliv_vehicle_interface/launch
[31.890s] -- Installing: /home/hguo/carla-autoware-universe/autoware/src/vehicle/external/beliv_vehicle_interface/install/beliv_vehicle_interface/share/beliv_vehicle_interface/launch/dbw.launch.xml
[31.890s] -- Installing: /home/hguo/carla-autoware-universe/autoware/src/vehicle/external/beliv_vehicle_interface/install/beliv_vehicle_interface/share/ament_index/resource_index/package_run_dependencies/beliv_vehicle_interface
[31.890s] -- Installing: /home/hguo/carla-autoware-universe/autoware/src/vehicle/external/beliv_vehicle_interface/install/beliv_vehicle_interface/share/ament_index/resource_index/parent_prefix_path/beliv_vehicle_interface
[31.890s] -- Installing: /home/hguo/carla-autoware-universe/autoware/src/vehicle/external/beliv_vehicle_interface/install/beliv_vehicle_interface/share/beliv_vehicle_interface/environment/ament_prefix_path.sh
[31.890s] -- Installing: /home/hguo/carla-autoware-universe/autoware/src/vehicle/external/beliv_vehicle_interface/install/beliv_vehicle_interface/share/beliv_vehicle_interface/environment/ament_prefix_path.dsv
[31.890s] -- Installing: /home/hguo/carla-autoware-universe/autoware/src/vehicle/external/beliv_vehicle_interface/install/beliv_vehicle_interface/share/beliv_vehicle_interface/environment/path.sh
[31.890s] -- Installing: /home/hguo/carla-autoware-universe/autoware/src/vehicle/external/beliv_vehicle_interface/install/beliv_vehicle_interface/share/beliv_vehicle_interface/environment/path.dsv
[31.891s] -- Installing: /home/hguo/carla-autoware-universe/autoware/src/vehicle/external/beliv_vehicle_interface/install/beliv_vehicle_interface/share/beliv_vehicle_interface/local_setup.bash
[31.891s] -- Installing: /home/hguo/carla-autoware-universe/autoware/src/vehicle/external/beliv_vehicle_interface/install/beliv_vehicle_interface/share/beliv_vehicle_interface/local_setup.sh
[31.891s] -- Installing: /home/hguo/carla-autoware-universe/autoware/src/vehicle/external/beliv_vehicle_interface/install/beliv_vehicle_interface/share/beliv_vehicle_interface/local_setup.zsh
[31.891s] -- Installing: /home/hguo/carla-autoware-universe/autoware/src/vehicle/external/beliv_vehicle_interface/install/beliv_vehicle_interface/share/beliv_vehicle_interface/local_setup.dsv
[31.891s] -- Installing: /home/hguo/carla-autoware-universe/autoware/src/vehicle/external/beliv_vehicle_interface/install/beliv_vehicle_interface/share/beliv_vehicle_interface/package.dsv
[31.891s] -- Installing: /home/hguo/carla-autoware-universe/autoware/src/vehicle/external/beliv_vehicle_interface/install/beliv_vehicle_interface/share/ament_index/resource_index/packages/beliv_vehicle_interface
[31.891s] -- Installing: /home/hguo/carla-autoware-universe/autoware/src/vehicle/external/beliv_vehicle_interface/install/beliv_vehicle_interface/share/beliv_vehicle_interface/cmake/ament_cmake_export_dependencies-extras.cmake
[31.891s] -- Installing: /home/hguo/carla-autoware-universe/autoware/src/vehicle/external/beliv_vehicle_interface/install/beliv_vehicle_interface/share/beliv_vehicle_interface/cmake/ament_cmake_export_include_directories-extras.cmake
[31.891s] -- Installing: /home/hguo/carla-autoware-universe/autoware/src/vehicle/external/beliv_vehicle_interface/install/beliv_vehicle_interface/share/beliv_vehicle_interface/cmake/beliv_vehicle_interfaceConfig.cmake
[31.891s] -- Installing: /home/hguo/carla-autoware-universe/autoware/src/vehicle/external/beliv_vehicle_interface/install/beliv_vehicle_interface/share/beliv_vehicle_interface/cmake/beliv_vehicle_interfaceConfig-version.cmake
[31.891s] -- Installing: /home/hguo/carla-autoware-universe/autoware/src/vehicle/external/beliv_vehicle_interface/install/beliv_vehicle_interface/share/beliv_vehicle_interface/package.xml
[31.892s] Invoked command in '/home/hguo/carla-autoware-universe/autoware/src/vehicle/external/beliv_vehicle_interface/build/beliv_vehicle_interface' returned '0': CMAKE_PREFIX_PATH=${CMAKE_PREFIX_PATH}:/home/hguo/carla-autoware-universe/autoware/install/simulator_compatibility_test:/home/hguo/carla-autoware-universe/autoware/install/ad_api_visualizers:/opt/ros/humble /usr/bin/cmake --install /home/hguo/carla-autoware-universe/autoware/src/vehicle/external/beliv_vehicle_interface/build/beliv_vehicle_interface
