[0.022s] Invoking command in '/home/hguo/carla-autoware-universe/autoware/src/vehicle/external/beliv_vehicle_interface/build/beliv_vehicle_interface': CMAKE_PREFIX_PATH=${CMAKE_PREFIX_PATH}:/home/hguo/carla-autoware-universe/autoware/install/simulator_compatibility_test:/home/hguo/carla-autoware-universe/autoware/install/ad_api_visualizers:/opt/ros/humble /usr/bin/cmake --build /home/hguo/carla-autoware-universe/autoware/src/vehicle/external/beliv_vehicle_interface/build/beliv_vehicle_interface -- -j20 -l20
[0.128s] [ 33%] [32mBuilding CXX object CMakeFiles/beliv_veh_interface.dir/src/beliv_veh_interface.cpp.o[0m
[0.129s] [ 66%] [32mBuilding CXX object CMakeFiles/beliv_veh_interface.dir/src/beliv_veh_interface_node.cpp.o[0m
[0.528s] In file included from [01m[K/usr/include/boost/math/constants/constants.hpp:11[m[K,
[0.528s]                  from [01m[K/usr/include/boost/geometry/util/math.hpp:29[m[K,
[0.528s]                  from [01m[K/usr/include/boost/geometry/util/is_inverse_spheroidal_coordinates.hpp:19[m[K,
[0.529s]                  from [01m[K/usr/include/boost/geometry/algorithms/detail/assign_values.hpp:42[m[K,
[0.529s]                  from [01m[K/usr/include/boost/geometry/algorithms/detail/assign_box_corners.hpp:21[m[K,
[0.529s]                  from [01m[K/usr/include/boost/geometry/algorithms/convert.hpp:38[m[K,
[0.529s]                  from [01m[K/usr/include/boost/geometry/geometries/box.hpp:22[m[K,
[0.529s]                  from [01m[K/usr/include/boost/geometry/geometries/geometries.hpp:25[m[K,
[0.529s]                  from [01m[K/home/hguo/carla-autoware-universe/autoware/install/tier4_autoware_utils/include/tier4_autoware_utils/geometry/boost_geometry.hpp:19[m[K,
[0.529s]                  from [01m[K/home/hguo/carla-autoware-universe/autoware/install/tier4_autoware_utils/include/tier4_autoware_utils/tier4_autoware_utils.hpp:18[m[K,
[0.529s]                  from [01m[K/home/hguo/carla-autoware-universe/autoware/install/vehicle_info_util/include/vehicle_info_util/vehicle_info.hpp:18[m[K,
[0.529s]                  from [01m[K/home/hguo/carla-autoware-universe/autoware/install/vehicle_info_util/include/vehicle_info_util/vehicle_info_util.hpp:18[m[K,
[0.529s]                  from [01m[K/home/hguo/carla-autoware-universe/autoware/src/vehicle/external/beliv_vehicle_interface/src/beliv_veh_interface.hpp:39[m[K,
[0.529s]                  from [01m[K/home/hguo/carla-autoware-universe/autoware/src/vehicle/external/beliv_vehicle_interface/src/beliv_veh_interface_node.cpp:16[m[K:
[0.529s] [01m[K/usr/include/boost/math/tools/cxx03_warn.hpp:9:10:[m[K [01;31m[Kfatal error: [m[Kboost/config/no_exceptions_support.hpp: No such file or directory
[0.529s]     9 | #include [01;31m[K<boost/config/no_exceptions_support.hpp>[m[K
[0.529s]       |          [01;31m[K^~~~~~~~~~~~~~~~~~~~~~~~~~~~~~~~~~~~~~~~[m[K
[0.529s] compilation terminated.
[0.529s] In file included from [01m[K/usr/include/boost/math/constants/constants.hpp:11[m[K,
[0.529s]                  from [01m[K/usr/include/boost/geometry/util/math.hpp:29[m[K,
[0.529s]                  from [01m[K/usr/include/boost/geometry/util/is_inverse_spheroidal_coordinates.hpp:19[m[K,
[0.529s]                  from [01m[K/usr/include/boost/geometry/algorithms/detail/assign_values.hpp:42[m[K,
[0.529s]                  from [01m[K/usr/include/boost/geometry/algorithms/detail/assign_box_corners.hpp:21[m[K,
[0.529s]                  from [01m[K/usr/include/boost/geometry/algorithms/convert.hpp:38[m[K,
[0.529s]                  from [01m[K/usr/include/boost/geometry/geometries/box.hpp:22[m[K,
[0.529s]                  from [01m[K/usr/include/boost/geometry/geometries/geometries.hpp:25[m[K,
[0.529s]                  from [01m[K/home/hguo/carla-autoware-universe/autoware/install/tier4_autoware_utils/include/tier4_autoware_utils/geometry/boost_geometry.hpp:19[m[K,
[0.529s]                  from [01m[K/home/hguo/carla-autoware-universe/autoware/install/tier4_autoware_utils/include/tier4_autoware_utils/tier4_autoware_utils.hpp:18[m[K,
[0.529s]                  from [01m[K/home/hguo/carla-autoware-universe/autoware/install/vehicle_info_util/include/vehicle_info_util/vehicle_info.hpp:18[m[K,
[0.529s]                  from [01m[K/home/hguo/carla-autoware-universe/autoware/install/vehicle_info_util/include/vehicle_info_util/vehicle_info_util.hpp:18[m[K,
[0.529s]                  from [01m[K/home/hguo/carla-autoware-universe/autoware/src/vehicle/external/beliv_vehicle_interface/src/beliv_veh_interface.hpp:39[m[K,
[0.529s]                  from [01m[K/home/hguo/carla-autoware-universe/autoware/src/vehicle/external/beliv_vehicle_interface/src/beliv_veh_interface.cpp:35[m[K:
[0.529s] [01m[K/usr/include/boost/math/tools/cxx03_warn.hpp:9:10:[m[K [01;31m[Kfatal error: [m[Kboost/config/no_exceptions_support.hpp: No such file or directory
[0.529s]     9 | #include [01;31m[K<boost/config/no_exceptions_support.hpp>[m[K
[0.529s]       |          [01;31m[K^~~~~~~~~~~~~~~~~~~~~~~~~~~~~~~~~~~~~~~~[m[K
[0.529s] compilation terminated.
[0.540s] gmake[2]: *** [CMakeFiles/beliv_veh_interface.dir/build.make:76: CMakeFiles/beliv_veh_interface.dir/src/beliv_veh_interface.cpp.o] Error 1
[0.540s] gmake[2]: *** Waiting for unfinished jobs....
[0.540s] gmake[2]: *** [CMakeFiles/beliv_veh_interface.dir/build.make:90: CMakeFiles/beliv_veh_interface.dir/src/beliv_veh_interface_node.cpp.o] Error 1
[0.540s] gmake[1]: *** [CMakeFiles/Makefile2:137: CMakeFiles/beliv_veh_interface.dir/all] Error 2
[0.540s] gmake: *** [Makefile:146: all] Error 2
[0.543s] Invoked command in '/home/hguo/carla-autoware-universe/autoware/src/vehicle/external/beliv_vehicle_interface/build/beliv_vehicle_interface' returned '2': CMAKE_PREFIX_PATH=${CMAKE_PREFIX_PATH}:/home/hguo/carla-autoware-universe/autoware/install/simulator_compatibility_test:/home/hguo/carla-autoware-universe/autoware/install/ad_api_visualizers:/opt/ros/humble /usr/bin/cmake --build /home/hguo/carla-autoware-universe/autoware/src/vehicle/external/beliv_vehicle_interface/build/beliv_vehicle_interface -- -j20 -l20
