[0.026s] Invoking command in '/home/hguo/carla-autoware-universe/autoware/src/vehicle/external/beliv_vehicle_interface/build/beliv_vehicle_interface': CMAKE_PREFIX_PATH=${CMAKE_PREFIX_PATH}:/home/hguo/carla-autoware-universe/autoware/install/simulator_compatibility_test:/home/hguo/carla-autoware-universe/autoware/install/ad_api_visualizers:/opt/ros/humble /usr/bin/cmake --build /home/hguo/carla-autoware-universe/autoware/src/vehicle/external/beliv_vehicle_interface/build/beliv_vehicle_interface -- -j20 -l20
[0.112s] -- Found ament_cmake_auto: 1.3.5 (/opt/ros/humble/share/ament_cmake_auto/cmake)
[0.330s] -- Found rosidl_generator_c: 3.1.5 (/opt/ros/humble/share/rosidl_generator_c/cmake)
[0.331s] -- Found rosidl_adapter: 3.1.5 (/opt/ros/humble/share/rosidl_adapter/cmake)
[0.337s] -- Found rosidl_generator_cpp: 3.1.5 (/opt/ros/humble/share/rosidl_generator_cpp/cmake)
[0.362s] -- Using all available rosidl_typesupport_c: rosidl_typesupport_fastrtps_c;rosidl_typesupport_introspection_c
[0.390s] -- Using all available rosidl_typesupport_cpp: rosidl_typesupport_fastrtps_cpp;rosidl_typesupport_introspection_cpp
[0.447s] -- Found rmw_implementation_cmake: 6.1.1 (/opt/ros/humble/share/rmw_implementation_cmake/cmake)
[0.466s] -- Found rmw_cyclonedds_cpp: 1.3.4 (/opt/ros/humble/share/rmw_cyclonedds_cpp/cmake)
[0.502s] -- Using RMW implementation 'rmw_cyclonedds_cpp' as default
[2.398s] -- Found eigen3_cmake_module: 0.1.1 (/opt/ros/humble/share/eigen3_cmake_module/cmake)
[2.398s] -- Ensuring Eigen3 include directory is part of orocos-kdl CMake target
[2.597s] -- Eigen found (include: /usr/include/eigen3, version: 3.4.0)
[2.643s] -- FLANN found (include: /usr/include, lib: /usr/lib/x86_64-linux-gnu/libflann_cpp.so)
[3.087s] -- OpenNI found (version: 1.5.4.0, include: /usr/include/ni, lib: /usr/lib/libOpenNI.so;libusb::libusb)
[3.095s] -- OpenNI2 found (version: 2.2.0.33, include: /usr/include/openni2, lib: /usr/lib/x86_64-linux-gnu/libOpenNI2.so;libusb::libusb)
[3.272s] -- Eigen found (include: /usr/include/eigen3, version: 3.4.0)
[3.278s] -- OpenNI found (version: 1.5.4.0, include: /usr/include/ni, lib: /usr/lib/libOpenNI.so;libusb::libusb)
[3.285s] -- OpenNI2 found (version: 2.2.0.33, include: /usr/include/openni2, lib: /usr/lib/x86_64-linux-gnu/libOpenNI2.so;libusb::libusb)
[3.452s] -- Found Qhull version 8.0.2
[3.625s] -- OpenNI found (version: 1.5.4.0, include: /usr/include/ni, lib: /usr/lib/libOpenNI.so;libusb::libusb)
[5.653s] -- Found ament_lint_auto: 0.12.7 (/opt/ros/humble/share/ament_lint_auto/cmake)
[5.660s] -- Added test 'copyright' to check source files copyright and LICENSE
[5.667s] -- Added test 'cppcheck' to perform static code analysis on C / C++ code
[5.668s] -- Configured cppcheck include dirs: /home/hguo/carla-autoware-universe/autoware/src/vehicle/external/beliv_vehicle_interface/include
[5.668s] -- Configured cppcheck exclude dirs and/or files: 
[5.669s] -- Added test 'lint_cmake' to check CMake code style
[5.670s] -- Added test 'xmllint' to check XML markup files
[5.672s] -- Configuring done
[5.752s] -- Generating done
[5.754s] -- Build files have been written to: /home/hguo/carla-autoware-universe/autoware/src/vehicle/external/beliv_vehicle_interface/build/beliv_vehicle_interface
[5.805s] [35m[1mConsolidate compiler generated dependencies of target beliv_veh_interface[0m
[5.897s] [ 33%] [32mBuilding CXX object CMakeFiles/beliv_veh_interface.dir/src/beliv_veh_interface.cpp.o[0m
[5.898s] [ 66%] [32mBuilding CXX object CMakeFiles/beliv_veh_interface.dir/src/beliv_veh_interface_node.cpp.o[0m
[12.389s] [01m[K/home/hguo/carla-autoware-universe/autoware/src/vehicle/external/beliv_vehicle_interface/src/beliv_veh_interface.cpp:[m[K In member function ‘[01m[Kvoid dbw_ford_can::BelivVehInterface::publishCommands()[m[K’:
[12.389s] [01m[K/home/hguo/carla-autoware-universe/autoware/src/vehicle/external/beliv_vehicle_interface/src/beliv_veh_interface.cpp:375:38:[m[K [01;35m[Kwarning: [m[Kformat ‘[01m[K%d[m[K’ expects argument of type ‘[01m[Kint[m[K’, but argument 2 has type ‘[01m[Kdataspeed_ulc_msgs::msg::UlcCmd_<std::allocator<void> >::_linear_velocity_type[m[K’ {aka ‘[01m[Kdouble[m[K’} [[01;35m[K]8;;https://gcc.gnu.org/onlinedocs/gcc/Warning-Options.html#index-Wformat=-Wformat=]8;;[m[K]
[12.389s]   375 |     printf("ulc_cmd.linear_velocity=[01;35m[K%d[m[K", [32m[Kulc_cmd.linear_velocity[m[K);
[12.389s]       |                                     [01;35m[K~^[m[K   [32m[K~~~~~~~~~~~~~~~~~~~~~~~[m[K
[12.389s]       |                                      [01;35m[K|[m[K           [32m[K|[m[K
[12.389s]       |                                      [01;35m[Kint[m[K         [32m[Kdataspeed_ulc_msgs::msg::UlcCmd_<std::allocator<void> >::_linear_velocity_type {aka double}[m[K
[12.389s]       |                                     [32m[K%f[m[K
[27.122s] gmake[2]: *** [CMakeFiles/beliv_veh_interface.dir/build.make:76: CMakeFiles/beliv_veh_interface.dir/src/beliv_veh_interface.cpp.o] Interrupt
[27.122s] gmake[1]: *** [CMakeFiles/Makefile2:137: CMakeFiles/beliv_veh_interface.dir/all] Interrupt
[27.122s] gmake: *** [Makefile:146: all] Interrupt
[27.206s] Invoked command in '/home/hguo/carla-autoware-universe/autoware/src/vehicle/external/beliv_vehicle_interface/build/beliv_vehicle_interface' returned '-2': CMAKE_PREFIX_PATH=${CMAKE_PREFIX_PATH}:/home/hguo/carla-autoware-universe/autoware/install/simulator_compatibility_test:/home/hguo/carla-autoware-universe/autoware/install/ad_api_visualizers:/opt/ros/humble /usr/bin/cmake --build /home/hguo/carla-autoware-universe/autoware/src/vehicle/external/beliv_vehicle_interface/build/beliv_vehicle_interface -- -j20 -l20
