[0.194s] DEBUG:colcon:Command line arguments: ['/usr/bin/colcon', 'build']
[0.195s] DEBUG:colcon:Parsed command line arguments: Namespace(log_base=None, log_level=None, verb_name='build', build_base='build', install_base='install', merge_install=False, symlink_install=False, test_result_base=None, continue_on_error=False, executor='parallel', parallel_workers=20, event_handlers=None, ignore_user_meta=False, metas=['./colcon.meta'], base_paths=['.'], packages_ignore=None, packages_ignore_regex=None, paths=None, packages_up_to=None, packages_up_to_regex=None, packages_above=None, packages_above_and_dependencies=None, packages_above_depth=None, packages_select_by_dep=None, packages_skip_by_dep=None, packages_skip_up_to=None, packages_select_build_failed=False, packages_skip_build_finished=False, packages_select_test_failures=False, packages_skip_test_passed=False, packages_select=None, packages_skip=None, packages_select_regex=None, packages_skip_regex=None, packages_start=None, packages_end=None, allow_overriding=[], cmake_args=None, cmake_target=None, cmake_target_skip_unavailable=False, cmake_clean_cache=False, cmake_clean_first=False, cmake_force_configure=False, ament_cmake_args=None, catkin_cmake_args=None, catkin_skip_building_tests=False, mixin_files=None, mixin=None, verb_parser=<colcon_mixin.mixin.mixin_argument.MixinArgumentDecorator object at 0x7f166b270430>, verb_extension=<colcon_core.verb.build.BuildVerb object at 0x7f166bc3b4f0>, main=<bound method BuildVerb.main of <colcon_core.verb.build.BuildVerb object at 0x7f166bc3b4f0>>, mixin_verb=('build',))
[0.209s] Level 1:colcon.colcon_core.package_discovery:discover_packages(colcon_meta) check parameters
[0.209s] Level 1:colcon.colcon_core.package_discovery:discover_packages(recursive) check parameters
[0.209s] Level 1:colcon.colcon_core.package_discovery:discover_packages(ignore) check parameters
[0.209s] Level 1:colcon.colcon_core.package_discovery:discover_packages(path) check parameters
[0.209s] Level 1:colcon.colcon_core.package_discovery:discover_packages(colcon_meta) discover
[0.209s] Level 1:colcon.colcon_core.package_discovery:discover_packages(recursive) discover
[0.209s] INFO:colcon.colcon_core.package_discovery:Crawling recursively for packages in '/home/hguo/carla-autoware-universe/autoware/src/vehicle/external/beliv_vehicle_interface'
[0.209s] Level 1:colcon.colcon_core.package_identification:_identify(.) by extensions ['ignore', 'ignore_ament_install']
[0.209s] Level 1:colcon.colcon_core.package_identification:_identify(.) by extension 'ignore'
[0.209s] Level 1:colcon.colcon_core.package_identification:_identify(.) by extension 'ignore_ament_install'
[0.209s] Level 1:colcon.colcon_core.package_identification:_identify(.) by extensions ['colcon_pkg']
[0.209s] Level 1:colcon.colcon_core.package_identification:_identify(.) by extension 'colcon_pkg'
[0.209s] Level 1:colcon.colcon_core.package_identification:_identify(.) by extensions ['colcon_meta']
[0.209s] Level 1:colcon.colcon_core.package_identification:_identify(.) by extension 'colcon_meta'
[0.209s] Level 1:colcon.colcon_core.package_identification:_identify(.) by extensions ['ros']
[0.209s] Level 1:colcon.colcon_core.package_identification:_identify(.) by extension 'ros'
[0.217s] DEBUG:colcon.colcon_core.package_identification:Package '.' with type 'ros.ament_cmake' and name 'beliv_vehicle_interface'
[0.217s] Level 1:colcon.colcon_core.package_discovery:discover_packages(recursive) using defaults
[0.217s] Level 1:colcon.colcon_core.package_discovery:discover_packages(ignore) discover
[0.217s] Level 1:colcon.colcon_core.package_discovery:discover_packages(ignore) using defaults
[0.217s] Level 1:colcon.colcon_core.package_discovery:discover_packages(path) discover
[0.217s] Level 1:colcon.colcon_core.package_discovery:discover_packages(path) using defaults
[0.231s] Level 1:colcon.colcon_core.package_discovery:discover_packages(prefix_path) check parameters
[0.231s] Level 1:colcon.colcon_core.package_discovery:discover_packages(prefix_path) discover
[0.239s] DEBUG:colcon.colcon_installed_package_information.package_discovery:Found 299 installed packages in /home/hguo/carla-autoware-universe/autoware/install
[0.241s] DEBUG:colcon.colcon_installed_package_information.package_discovery:Found 2 installed packages in /home/hguo/ros_ws/install
[0.242s] DEBUG:colcon.colcon_installed_package_information.package_discovery:Found 379 installed packages in /opt/ros/humble
[0.242s] Level 1:colcon.colcon_core.package_discovery:discover_packages(prefix_path) using defaults
[0.283s] Level 5:colcon.colcon_core.verb:set package 'beliv_vehicle_interface' build argument 'cmake_args' from command line to 'None'
[0.283s] Level 5:colcon.colcon_core.verb:set package 'beliv_vehicle_interface' build argument 'cmake_target' from command line to 'None'
[0.283s] Level 5:colcon.colcon_core.verb:set package 'beliv_vehicle_interface' build argument 'cmake_target_skip_unavailable' from command line to 'False'
[0.283s] Level 5:colcon.colcon_core.verb:set package 'beliv_vehicle_interface' build argument 'cmake_clean_cache' from command line to 'False'
[0.283s] Level 5:colcon.colcon_core.verb:set package 'beliv_vehicle_interface' build argument 'cmake_clean_first' from command line to 'False'
[0.283s] Level 5:colcon.colcon_core.verb:set package 'beliv_vehicle_interface' build argument 'cmake_force_configure' from command line to 'False'
[0.283s] Level 5:colcon.colcon_core.verb:set package 'beliv_vehicle_interface' build argument 'ament_cmake_args' from command line to 'None'
[0.283s] Level 5:colcon.colcon_core.verb:set package 'beliv_vehicle_interface' build argument 'catkin_cmake_args' from command line to 'None'
[0.283s] Level 5:colcon.colcon_core.verb:set package 'beliv_vehicle_interface' build argument 'catkin_skip_building_tests' from command line to 'False'
[0.283s] DEBUG:colcon.colcon_core.verb:Building package 'beliv_vehicle_interface' with the following arguments: {'ament_cmake_args': None, 'build_base': '/home/hguo/carla-autoware-universe/autoware/src/vehicle/external/beliv_vehicle_interface/build/beliv_vehicle_interface', 'catkin_cmake_args': None, 'catkin_skip_building_tests': False, 'cmake_args': None, 'cmake_clean_cache': False, 'cmake_clean_first': False, 'cmake_force_configure': False, 'cmake_target': None, 'cmake_target_skip_unavailable': False, 'install_base': '/home/hguo/carla-autoware-universe/autoware/src/vehicle/external/beliv_vehicle_interface/install/beliv_vehicle_interface', 'merge_install': False, 'path': '/home/hguo/carla-autoware-universe/autoware/src/vehicle/external/beliv_vehicle_interface', 'symlink_install': False, 'test_result_base': None}
[0.284s] INFO:colcon.colcon_core.executor:Executing jobs using 'parallel' executor
[0.285s] DEBUG:colcon.colcon_parallel_executor.executor.parallel:run_until_complete
[0.285s] INFO:colcon.colcon_ros.task.ament_cmake.build:Building ROS package in '/home/hguo/carla-autoware-universe/autoware/src/vehicle/external/beliv_vehicle_interface' with build type 'ament_cmake'
[0.286s] INFO:colcon.colcon_cmake.task.cmake.build:Building CMake package in '/home/hguo/carla-autoware-universe/autoware/src/vehicle/external/beliv_vehicle_interface'
[0.288s] INFO:colcon.colcon_core.plugin_system:Skipping extension 'colcon_core.shell.bat': Not used on non-Windows systems
[0.288s] INFO:colcon.colcon_core.shell:Skip shell extension 'powershell' for command environment: Not usable outside of PowerShell
[0.288s] DEBUG:colcon.colcon_core.shell:Skip shell extension 'dsv' for command environment
[0.306s] DEBUG:colcon.colcon_core.event_handler.log_command:Invoking command in '/home/hguo/carla-autoware-universe/autoware/src/vehicle/external/beliv_vehicle_interface/build/beliv_vehicle_interface': CMAKE_PREFIX_PATH=${CMAKE_PREFIX_PATH}:/home/hguo/carla-autoware-universe/autoware/install/simulator_compatibility_test:/home/hguo/carla-autoware-universe/autoware/install/ad_api_visualizers:/opt/ros/humble /usr/bin/cmake /home/hguo/carla-autoware-universe/autoware/src/vehicle/external/beliv_vehicle_interface -DCMAKE_INSTALL_PREFIX=/home/hguo/carla-autoware-universe/autoware/src/vehicle/external/beliv_vehicle_interface/install/beliv_vehicle_interface
[8.332s] DEBUG:colcon.colcon_core.event_handler.log_command:Invoked command in '/home/hguo/carla-autoware-universe/autoware/src/vehicle/external/beliv_vehicle_interface/build/beliv_vehicle_interface' returned '0': CMAKE_PREFIX_PATH=${CMAKE_PREFIX_PATH}:/home/hguo/carla-autoware-universe/autoware/install/simulator_compatibility_test:/home/hguo/carla-autoware-universe/autoware/install/ad_api_visualizers:/opt/ros/humble /usr/bin/cmake /home/hguo/carla-autoware-universe/autoware/src/vehicle/external/beliv_vehicle_interface -DCMAKE_INSTALL_PREFIX=/home/hguo/carla-autoware-universe/autoware/src/vehicle/external/beliv_vehicle_interface/install/beliv_vehicle_interface
[8.332s] DEBUG:colcon.colcon_core.event_handler.log_command:Invoking command in '/home/hguo/carla-autoware-universe/autoware/src/vehicle/external/beliv_vehicle_interface/build/beliv_vehicle_interface': CMAKE_PREFIX_PATH=${CMAKE_PREFIX_PATH}:/home/hguo/carla-autoware-universe/autoware/install/simulator_compatibility_test:/home/hguo/carla-autoware-universe/autoware/install/ad_api_visualizers:/opt/ros/humble /usr/bin/cmake --build /home/hguo/carla-autoware-universe/autoware/src/vehicle/external/beliv_vehicle_interface/build/beliv_vehicle_interface -- -j20 -l20
[31.932s] DEBUG:colcon.colcon_core.event_handler.log_command:Invoked command in '/home/hguo/carla-autoware-universe/autoware/src/vehicle/external/beliv_vehicle_interface/build/beliv_vehicle_interface' returned '0': CMAKE_PREFIX_PATH=${CMAKE_PREFIX_PATH}:/home/hguo/carla-autoware-universe/autoware/install/simulator_compatibility_test:/home/hguo/carla-autoware-universe/autoware/install/ad_api_visualizers:/opt/ros/humble /usr/bin/cmake --build /home/hguo/carla-autoware-universe/autoware/src/vehicle/external/beliv_vehicle_interface/build/beliv_vehicle_interface -- -j20 -l20
[32.012s] DEBUG:colcon.colcon_core.event_handler.log_command:Invoking command in '/home/hguo/carla-autoware-universe/autoware/src/vehicle/external/beliv_vehicle_interface/build/beliv_vehicle_interface': CMAKE_PREFIX_PATH=${CMAKE_PREFIX_PATH}:/home/hguo/carla-autoware-universe/autoware/install/simulator_compatibility_test:/home/hguo/carla-autoware-universe/autoware/install/ad_api_visualizers:/opt/ros/humble /usr/bin/cmake --install /home/hguo/carla-autoware-universe/autoware/src/vehicle/external/beliv_vehicle_interface/build/beliv_vehicle_interface
[32.035s] Level 1:colcon.colcon_core.environment:create_environment_scripts_only(beliv_vehicle_interface)
[32.036s] DEBUG:colcon.colcon_core.event_handler.log_command:Invoked command in '/home/hguo/carla-autoware-universe/autoware/src/vehicle/external/beliv_vehicle_interface/build/beliv_vehicle_interface' returned '0': CMAKE_PREFIX_PATH=${CMAKE_PREFIX_PATH}:/home/hguo/carla-autoware-universe/autoware/install/simulator_compatibility_test:/home/hguo/carla-autoware-universe/autoware/install/ad_api_visualizers:/opt/ros/humble /usr/bin/cmake --install /home/hguo/carla-autoware-universe/autoware/src/vehicle/external/beliv_vehicle_interface/build/beliv_vehicle_interface
[32.039s] Level 1:colcon.colcon_core.environment:checking '/home/hguo/carla-autoware-universe/autoware/src/vehicle/external/beliv_vehicle_interface/install/beliv_vehicle_interface' for CMake module files
[32.039s] Level 1:colcon.colcon_core.environment:checking '/home/hguo/carla-autoware-universe/autoware/src/vehicle/external/beliv_vehicle_interface/install/beliv_vehicle_interface' for CMake config files
[32.039s] Level 1:colcon.colcon_core.shell:create_environment_hook('beliv_vehicle_interface', 'cmake_prefix_path')
[32.040s] INFO:colcon.colcon_core.shell:Creating environment hook '/home/hguo/carla-autoware-universe/autoware/src/vehicle/external/beliv_vehicle_interface/install/beliv_vehicle_interface/share/beliv_vehicle_interface/hook/cmake_prefix_path.ps1'
[32.040s] INFO:colcon.colcon_core.shell:Creating environment descriptor '/home/hguo/carla-autoware-universe/autoware/src/vehicle/external/beliv_vehicle_interface/install/beliv_vehicle_interface/share/beliv_vehicle_interface/hook/cmake_prefix_path.dsv'
[32.040s] INFO:colcon.colcon_core.shell:Creating environment hook '/home/hguo/carla-autoware-universe/autoware/src/vehicle/external/beliv_vehicle_interface/install/beliv_vehicle_interface/share/beliv_vehicle_interface/hook/cmake_prefix_path.sh'
[32.041s] Level 1:colcon.colcon_core.environment:checking '/home/hguo/carla-autoware-universe/autoware/src/vehicle/external/beliv_vehicle_interface/install/beliv_vehicle_interface/lib'
[32.041s] Level 1:colcon.colcon_core.environment:checking '/home/hguo/carla-autoware-universe/autoware/src/vehicle/external/beliv_vehicle_interface/install/beliv_vehicle_interface/bin'
[32.041s] Level 1:colcon.colcon_core.environment:checking '/home/hguo/carla-autoware-universe/autoware/src/vehicle/external/beliv_vehicle_interface/install/beliv_vehicle_interface/lib/pkgconfig/beliv_vehicle_interface.pc'
[32.041s] Level 1:colcon.colcon_core.environment:checking '/home/hguo/carla-autoware-universe/autoware/src/vehicle/external/beliv_vehicle_interface/install/beliv_vehicle_interface/lib/python3.10/site-packages'
[32.041s] Level 1:colcon.colcon_core.environment:checking '/home/hguo/carla-autoware-universe/autoware/src/vehicle/external/beliv_vehicle_interface/install/beliv_vehicle_interface/bin'
[32.042s] INFO:colcon.colcon_core.shell:Creating package script '/home/hguo/carla-autoware-universe/autoware/src/vehicle/external/beliv_vehicle_interface/install/beliv_vehicle_interface/share/beliv_vehicle_interface/package.ps1'
[32.042s] INFO:colcon.colcon_core.shell:Creating package descriptor '/home/hguo/carla-autoware-universe/autoware/src/vehicle/external/beliv_vehicle_interface/install/beliv_vehicle_interface/share/beliv_vehicle_interface/package.dsv'
[32.042s] INFO:colcon.colcon_core.shell:Creating package script '/home/hguo/carla-autoware-universe/autoware/src/vehicle/external/beliv_vehicle_interface/install/beliv_vehicle_interface/share/beliv_vehicle_interface/package.sh'
[32.043s] INFO:colcon.colcon_core.shell:Creating package script '/home/hguo/carla-autoware-universe/autoware/src/vehicle/external/beliv_vehicle_interface/install/beliv_vehicle_interface/share/beliv_vehicle_interface/package.bash'
[32.043s] INFO:colcon.colcon_core.shell:Creating package script '/home/hguo/carla-autoware-universe/autoware/src/vehicle/external/beliv_vehicle_interface/install/beliv_vehicle_interface/share/beliv_vehicle_interface/package.zsh'
[32.043s] Level 1:colcon.colcon_core.environment:create_file_with_runtime_dependencies(/home/hguo/carla-autoware-universe/autoware/src/vehicle/external/beliv_vehicle_interface/install/beliv_vehicle_interface/share/colcon-core/packages/beliv_vehicle_interface)
[32.112s] Level 1:colcon.colcon_core.environment:create_environment_scripts_only(beliv_vehicle_interface)
[32.113s] Level 1:colcon.colcon_core.environment:checking '/home/hguo/carla-autoware-universe/autoware/src/vehicle/external/beliv_vehicle_interface/install/beliv_vehicle_interface' for CMake module files
[32.114s] Level 1:colcon.colcon_core.environment:checking '/home/hguo/carla-autoware-universe/autoware/src/vehicle/external/beliv_vehicle_interface/install/beliv_vehicle_interface' for CMake config files
[32.114s] Level 1:colcon.colcon_core.shell:create_environment_hook('beliv_vehicle_interface', 'cmake_prefix_path')
[32.114s] INFO:colcon.colcon_core.shell:Creating environment hook '/home/hguo/carla-autoware-universe/autoware/src/vehicle/external/beliv_vehicle_interface/install/beliv_vehicle_interface/share/beliv_vehicle_interface/hook/cmake_prefix_path.ps1'
[32.115s] INFO:colcon.colcon_core.shell:Creating environment descriptor '/home/hguo/carla-autoware-universe/autoware/src/vehicle/external/beliv_vehicle_interface/install/beliv_vehicle_interface/share/beliv_vehicle_interface/hook/cmake_prefix_path.dsv'
[32.115s] INFO:colcon.colcon_core.shell:Creating environment hook '/home/hguo/carla-autoware-universe/autoware/src/vehicle/external/beliv_vehicle_interface/install/beliv_vehicle_interface/share/beliv_vehicle_interface/hook/cmake_prefix_path.sh'
[32.115s] Level 1:colcon.colcon_core.environment:checking '/home/hguo/carla-autoware-universe/autoware/src/vehicle/external/beliv_vehicle_interface/install/beliv_vehicle_interface/lib'
[32.115s] Level 1:colcon.colcon_core.environment:checking '/home/hguo/carla-autoware-universe/autoware/src/vehicle/external/beliv_vehicle_interface/install/beliv_vehicle_interface/bin'
[32.115s] Level 1:colcon.colcon_core.environment:checking '/home/hguo/carla-autoware-universe/autoware/src/vehicle/external/beliv_vehicle_interface/install/beliv_vehicle_interface/lib/pkgconfig/beliv_vehicle_interface.pc'
[32.115s] Level 1:colcon.colcon_core.environment:checking '/home/hguo/carla-autoware-universe/autoware/src/vehicle/external/beliv_vehicle_interface/install/beliv_vehicle_interface/lib/python3.10/site-packages'
[32.115s] Level 1:colcon.colcon_core.environment:checking '/home/hguo/carla-autoware-universe/autoware/src/vehicle/external/beliv_vehicle_interface/install/beliv_vehicle_interface/bin'
[32.116s] INFO:colcon.colcon_core.shell:Creating package script '/home/hguo/carla-autoware-universe/autoware/src/vehicle/external/beliv_vehicle_interface/install/beliv_vehicle_interface/share/beliv_vehicle_interface/package.ps1'
[32.116s] INFO:colcon.colcon_core.shell:Creating package descriptor '/home/hguo/carla-autoware-universe/autoware/src/vehicle/external/beliv_vehicle_interface/install/beliv_vehicle_interface/share/beliv_vehicle_interface/package.dsv'
[32.116s] INFO:colcon.colcon_core.shell:Creating package script '/home/hguo/carla-autoware-universe/autoware/src/vehicle/external/beliv_vehicle_interface/install/beliv_vehicle_interface/share/beliv_vehicle_interface/package.sh'
[32.117s] INFO:colcon.colcon_core.shell:Creating package script '/home/hguo/carla-autoware-universe/autoware/src/vehicle/external/beliv_vehicle_interface/install/beliv_vehicle_interface/share/beliv_vehicle_interface/package.bash'
[32.117s] INFO:colcon.colcon_core.shell:Creating package script '/home/hguo/carla-autoware-universe/autoware/src/vehicle/external/beliv_vehicle_interface/install/beliv_vehicle_interface/share/beliv_vehicle_interface/package.zsh'
[32.117s] Level 1:colcon.colcon_core.environment:create_file_with_runtime_dependencies(/home/hguo/carla-autoware-universe/autoware/src/vehicle/external/beliv_vehicle_interface/install/beliv_vehicle_interface/share/colcon-core/packages/beliv_vehicle_interface)
[32.117s] DEBUG:colcon.colcon_parallel_executor.executor.parallel:closing loop
[32.117s] DEBUG:colcon.colcon_parallel_executor.executor.parallel:loop closed
[32.117s] DEBUG:colcon.colcon_parallel_executor.executor.parallel:run_until_complete finished with '0'
[32.117s] DEBUG:colcon.colcon_core.event_reactor:joining thread
[32.122s] INFO:colcon.colcon_core.plugin_system:Skipping extension 'colcon_notification.desktop_notification.terminal_notifier': Not used on non-Darwin systems
[32.122s] INFO:colcon.colcon_core.plugin_system:Skipping extension 'colcon_notification.desktop_notification.win32': Not used on non-Windows systems
[32.122s] INFO:colcon.colcon_notification.desktop_notification:Sending desktop notification using 'notify2'
[32.129s] DEBUG:colcon.colcon_core.event_reactor:joined thread
[32.130s] INFO:colcon.colcon_core.shell:Creating prefix script '/home/hguo/carla-autoware-universe/autoware/src/vehicle/external/beliv_vehicle_interface/install/local_setup.ps1'
[32.130s] INFO:colcon.colcon_core.shell:Creating prefix util module '/home/hguo/carla-autoware-universe/autoware/src/vehicle/external/beliv_vehicle_interface/install/_local_setup_util_ps1.py'
[32.131s] INFO:colcon.colcon_core.shell:Creating prefix chain script '/home/hguo/carla-autoware-universe/autoware/src/vehicle/external/beliv_vehicle_interface/install/setup.ps1'
[32.136s] INFO:colcon.colcon_core.shell:Creating prefix script '/home/hguo/carla-autoware-universe/autoware/src/vehicle/external/beliv_vehicle_interface/install/local_setup.sh'
[32.136s] INFO:colcon.colcon_core.shell:Creating prefix util module '/home/hguo/carla-autoware-universe/autoware/src/vehicle/external/beliv_vehicle_interface/install/_local_setup_util_sh.py'
[32.136s] INFO:colcon.colcon_core.shell:Creating prefix chain script '/home/hguo/carla-autoware-universe/autoware/src/vehicle/external/beliv_vehicle_interface/install/setup.sh'
[32.141s] INFO:colcon.colcon_core.shell:Creating prefix script '/home/hguo/carla-autoware-universe/autoware/src/vehicle/external/beliv_vehicle_interface/install/local_setup.bash'
[32.141s] INFO:colcon.colcon_core.shell:Creating prefix chain script '/home/hguo/carla-autoware-universe/autoware/src/vehicle/external/beliv_vehicle_interface/install/setup.bash'
[32.148s] INFO:colcon.colcon_core.shell:Creating prefix script '/home/hguo/carla-autoware-universe/autoware/src/vehicle/external/beliv_vehicle_interface/install/local_setup.zsh'
[32.148s] INFO:colcon.colcon_core.shell:Creating prefix chain script '/home/hguo/carla-autoware-universe/autoware/src/vehicle/external/beliv_vehicle_interface/install/setup.zsh'
